#
# There is insufficient memory for the Java Runtime Environment to continue.
# Native memory allocation (malloc) failed to allocate 1048576 bytes for AllocateHeap
# Possible reasons:
#   The system is out of physical RAM or swap space
#   In 32 bit mode, the process size limit was hit
# Possible solutions:
#   Reduce memory load on the system
#   Increase physical memory or swap space
#   Check if swap backing store is full
#   Use 64 bit Java on a 64 bit OS
#   Decrease Java heap size (-Xmx/-Xms)
#   Decrease number of Java threads
#   Decrease Java thread stack sizes (-Xss)
#   Set larger code cache with -XX:ReservedCodeCacheSize=
# This output file may be truncated or incomplete.
#
#  Out of Memory Error (memory/allocation.inline.hpp:62), pid=5888, tid=7484
#
# JRE version:  (8.0_05-b13) (build )
# Java VM: Java HotSpot(TM) 64-Bit Server VM (25.5-b02 mixed mode windows-amd64 compressed oops)
# Failed to write core dump. Minidumps are not enabled by default on client versions of Windows
#

---------------  T H R E A D  ---------------

Current thread (0x0000000002610800):  JavaThread "Unknown thread" [_thread_in_vm, id=7484, stack(0x0000000002510000,0x0000000002610000)]

Stack: [0x0000000002510000,0x0000000002610000]
Native frames: (J=compiled Java code, j=interpreted, Vv=VM code, C=native code)
V  [jvm.dll+0x308dea]
V  [jvm.dll+0x25def1]
V  [jvm.dll+0x25eb0f]
V  [jvm.dll+0x2564e5]
V  [jvm.dll+0x25553f]
V  [jvm.dll+0x3c732c]
V  [jvm.dll+0x3c29f7]
V  [jvm.dll+0xe2142]
V  [jvm.dll+0x1f1419]
V  [jvm.dll+0x2227c4]
V  [jvm.dll+0x149f71]
C  [javaw.exe+0x208a]
C  [javaw.exe+0xc9db]
C  [javaw.exe+0xca6f]
C  [KERNEL32.DLL+0x18102]
C  [ntdll.dll+0x5c5b4]


---------------  P R O C E S S  ---------------

Java Threads: ( => current thread )

Other Threads:

=>0x0000000002610800 (exited) JavaThread "Unknown thread" [_thread_in_vm, id=7484, stack(0x0000000002510000,0x0000000002610000)]

VM state:not at safepoint (normal execution)

VM Mutex/Monitor currently owned by a thread: None

Heap:
 PSYoungGen      total 1024K, used 20K [0x00000000d5c00000, 0x00000000d5d80000, 0x0000000100000000)
  eden space 512K, 4% used [0x00000000d5c00000,0x00000000d5c05288,0x00000000d5c80000)
  from space 512K, 0% used [0x00000000d5d00000,0x00000000d5d00000,0x00000000d5d80000)
  to   space 512K, 0% used [0x00000000d5c80000,0x00000000d5c80000,0x00000000d5d00000)
 ParOldGen       total 129536K, used 0K [0x0000000081400000, 0x0000000089280000, 0x00000000d5c00000)
  object space 129536K, 0% used [0x0000000081400000,0x0000000081400000,0x0000000089280000)
 Metaspace       used 653K, capacity 4480K, committed 4480K, reserved 1056768K
  class space    used 66K, capacity 384K, committed 384K, reserved 1048576K

Card table byte_map: [0x0000000011ad0000,0x0000000011ed0000] byte_map_base: 0x00000000116c6000

Marking Bits: (ParMarkBitMap*) 0x00000000728b13b0
 Begin Bits: [0x0000000012580000, 0x0000000014530000)
 End Bits:   [0x0000000014530000, 0x00000000164e0000)

Polling page: 0x0000000000900000

CodeCache: size=245760Kb used=327Kb max_used=327Kb free=245432Kb
 bounds [0x0000000002710000, 0x0000000002980000, 0x0000000011710000]
 total_blobs=56 nmethods=0 adapters=37
 compilation: enabled

Compilation events (0 events):
No events

GC Heap History (0 events):
No events

Deoptimization events (0 events):
No events

Internal exceptions (0 events):
No events

Events (10 events):
Event: 0.019 loading class java/lang/Short
Event: 0.019 loading class java/lang/Short done
Event: 0.019 loading class java/lang/Integer
Event: 0.019 loading class java/lang/Integer done
Event: 0.019 loading class java/lang/Long
Event: 0.020 loading class java/lang/Long done
Event: 0.020 loading class java/lang/NullPointerException
Event: 0.020 loading class java/lang/NullPointerException done
Event: 0.020 loading class java/lang/ArithmeticException
Event: 0.020 loading class java/lang/ArithmeticException done


Dynamic libraries:
0x00007ff6b5dc0000 - 0x00007ff6b5df4000 	C:\Program Files\Java\jre8\bin\javaw.exe
0x00007ff9e0c70000 - 0x00007ff9e0e31000 	C:\WINDOWS\SYSTEM32\ntdll.dll
0x00007ff9df8c0000 - 0x00007ff9df96d000 	C:\WINDOWS\system32\KERNEL32.DLL
0x00007ff9dd320000 - 0x00007ff9dd508000 	C:\WINDOWS\system32\KERNELBASE.dll
0x00007ff9df810000 - 0x00007ff9df8b7000 	C:\WINDOWS\system32\ADVAPI32.dll
0x00007ff9dff80000 - 0x00007ff9e001d000 	C:\WINDOWS\system32\msvcrt.dll
0x00007ff9e0bb0000 - 0x00007ff9e0c0b000 	C:\WINDOWS\system32\sechost.dll
0x00007ff9e0660000 - 0x00007ff9e077c000 	C:\WINDOWS\system32\RPCRT4.dll
0x00007ff9df970000 - 0x00007ff9dfac6000 	C:\WINDOWS\system32\USER32.dll
0x00007ff9dfad0000 - 0x00007ff9dfc56000 	C:\WINDOWS\system32\GDI32.dll
0x00007ff9d9340000 - 0x00007ff9d95b4000 	C:\WINDOWS\WinSxS\amd64_microsoft.windows.common-controls_6595b64144ccf1df_6.0.10586.0_none_8c15ae12515e1c22\COMCTL32.dll
0x00007ff9e0090000 - 0x00007ff9e030d000 	C:\WINDOWS\system32\combase.dll
0x00007ff9dd900000 - 0x00007ff9dd96a000 	C:\WINDOWS\system32\bcryptPrimitives.dll
0x00007ff9e0550000 - 0x00007ff9e058b000 	C:\WINDOWS\system32\IMM32.DLL
0x0000000072930000 - 0x0000000072a02000 	C:\Program Files\Java\jre8\bin\msvcr100.dll
0x0000000072100000 - 0x000000007292a000 	C:\Program Files\Java\jre8\bin\server\jvm.dll
0x00007ff9de070000 - 0x00007ff9de078000 	C:\WINDOWS\system32\PSAPI.DLL
0x00007ff9d1950000 - 0x00007ff9d1959000 	C:\WINDOWS\SYSTEM32\WSOCK32.dll
0x00007ff9db8b0000 - 0x00007ff9db8d3000 	C:\WINDOWS\SYSTEM32\WINMM.dll
0x00007ff9e0020000 - 0x00007ff9e008b000 	C:\WINDOWS\system32\WS2_32.dll
0x00007ff9db850000 - 0x00007ff9db87c000 	C:\WINDOWS\SYSTEM32\WINMMBASE.dll
0x00007ff9dd890000 - 0x00007ff9dd8d3000 	C:\WINDOWS\system32\cfgmgr32.dll
0x0000000073b60000 - 0x0000000073b6f000 	C:\Program Files\Java\jre8\bin\verify.dll
0x00000000720d0000 - 0x00000000720f8000 	C:\Program Files\Java\jre8\bin\java.dll
0x00000000720b0000 - 0x00000000720c6000 	C:\Program Files\Java\jre8\bin\zip.dll
0x00007ff9cc2c0000 - 0x00007ff9cc44c000 	C:\WINDOWS\SYSTEM32\dbghelp.dll

VM Arguments:
jvm_args: -Dfile.encoding=GBK 
java_command: Zhuangh7.JFrame.main.MainClass
java_class_path (initial): G:\workspace\socket_server_demo\bin
Launcher Type: SUN_STANDARD

Environment Variables:
JAVA_HOME=C:\Program Files\Java\jdk1.8.0_05
CLASSPATH=.;C:\Program Files\Java\jdk1.8.0_05\lib;C:\Program Files\Java\jdk1.8.0_05\lib\tools.jar 
PATH=C:\WINDOWS\system32;C:\WINDOWS;C:\WINDOWS\System32\Wbem;C:\WINDOWS\System32\WindowsPowerShell\v1.0\;C:\Program Files (x86)\Intel\OpenCL SDK\3.0\bin\x86;C:\Program Files (x86)\Intel\OpenCL SDK\3.0\bin\x64;C:\Users\Zhuangh7\.dnx\bin;C:\Program Files\Microsoft DNX\Dnvm\;C:\Program Files\Microsoft SQL Server\130\Tools\Binn\;C:\Program Files (x86)\Windows Kits\8.1\Windows Performance Toolkit\;C:\Program Files\Java\jdk1.8.0_05\bin;C:\Program Files\Java\jdk1.8.0_05\jre\bin;C:\Program Files (x86)\NVIDIA Corporation\PhysX\Common;D:\Program Files\openCV\opencv\build\x64\vc12\bin;D:\Program Files\openCV\opencv\build\x64\vc14\bin;C:\Program Files (x86)\Microsoft Visual Studio 14.0\Common7\IDE;C:\Program Files (x86)\Microsoft Visual Studio 14.0\VC\bin;C:\Program Files (x86)\CMake\bin;C:\Program Files\nodejs\;C:\opencv\build\x86\vc10;C:\opencv\build\java\x86;C:\opencv\build\x64\vc12;C:\Users\Zhuangh7\AppData\Roaming\npm
USERNAME=Zhuangh7
OS=Windows_NT
PROCESSOR_IDENTIFIER=Intel64 Family 6 Model 60 Stepping 3, GenuineIntel



---------------  S Y S T E M  ---------------

OS: Windows 8.1 , 64 bit Build 9600 

CPU:total 4 (2 cores per cpu, 2 threads per core) family 6 model 60 stepping 3, cmov, cx8, fxsr, mmx, sse, sse2, sse3, ssse3, sse4.1, sse4.2, popcnt, avx, avx2, aes, clmul, erms, ht, tsc, tscinvbit

Memory: 4k page, physical 8302956k(1879880k free), swap 33468780k(4848k free)

vm_info: Java HotSpot(TM) 64-Bit Server VM (25.5-b02) for windows-amd64 JRE (1.8.0_05-b13), built on Mar 18 2014 01:08:39 by "java_re" with MS VC++ 10.0 (VS2010)

time: Thu Jun 16 15:38:27 2016
elapsed time: 0 seconds

